<?xml version="1.0" encoding="UTF-8"?>
<!-- Generated by org.testng.reporters.JUnitReportReporter -->
<testsuite hostname="LAPTOP-VADIM43D" failures="0" tests="4" name="testCases.TC_003_LoginDDT" time="27.092" errors="0" timestamp="2026-04-11T17:49:11 IST" skipped="0">
  <testcase classname="testCases.TC_003_LoginDDT" name="verify_loginDDT" time="11.672"/>
  <testcase classname="testCases.TC_003_LoginDDT" name="verify_loginDDT" time="2.214"/>
  <testcase classname="testCases.TC_003_LoginDDT" name="verify_loginDDT" time="2.556"/>
  <testcase classname="testCases.TC_003_LoginDDT" name="verify_loginDDT" time="10.650"/>
</testsuite> <!-- testCases.TC_003_LoginDDT -->
